Connecting to host h1, port 5000
[  6] local 192.168.0.2 port 57950 connected to 192.168.0.1 port 5000
[ ID] Interval           Transfer     Bitrate         Retr  Cwnd
[  6]   0.00-1.00   sec   565 MBytes  4.74 Gbits/sec    0   17.2 MBytes       
[  6]   1.00-2.00   sec   635 MBytes  5.32 Gbits/sec    0   17.2 MBytes       
[  6]   2.00-3.00   sec   700 MBytes  5.88 Gbits/sec    0   17.2 MBytes       
[  6]   3.00-4.00   sec   605 MBytes  5.08 Gbits/sec    0   17.2 MBytes       
[  6]   4.00-5.00   sec   709 MBytes  5.94 Gbits/sec    0   17.2 MBytes       
[  6]   5.00-6.00   sec   774 MBytes  6.49 Gbits/sec    0   17.2 MBytes       
[  6]   6.00-7.00   sec   774 MBytes  6.49 Gbits/sec    0   17.2 MBytes       
[  6]   7.00-8.00   sec   789 MBytes  6.62 Gbits/sec    0   17.2 MBytes       
[  6]   8.00-9.00   sec   784 MBytes  6.57 Gbits/sec    0   17.2 MBytes       
[  6]   9.00-10.15  sec   774 MBytes  5.66 Gbits/sec    0   17.2 MBytes       
[  6]  10.15-11.00  sec   656 MBytes  6.45 Gbits/sec    0   17.2 MBytes       
[  6]  11.00-12.00  sec   781 MBytes  6.55 Gbits/sec    0   17.2 MBytes       
[  6]  12.00-13.00  sec   515 MBytes  4.32 Gbits/sec    0   16.5 MBytes       
[  6]  13.00-14.00  sec   768 MBytes  6.44 Gbits/sec    0   16.5 MBytes       
[  6]  14.00-15.00  sec   781 MBytes  6.55 Gbits/sec    0   16.5 MBytes       
[  6]  15.00-16.00  sec   748 MBytes  6.27 Gbits/sec    0   16.5 MBytes       
[  6]  16.00-17.00  sec   766 MBytes  6.43 Gbits/sec    0   16.5 MBytes       
[  6]  17.00-18.00  sec   784 MBytes  6.57 Gbits/sec    0   16.5 MBytes       
[  6]  18.00-19.00  sec   772 MBytes  6.48 Gbits/sec    0   16.5 MBytes       
[  6]  19.00-20.00  sec   764 MBytes  6.41 Gbits/sec    0   16.5 MBytes       
- - - - - - - - - - - - - - - - - - - - - - - - -
[ ID] Interval           Transfer     Bitrate         Retr
[  6]   0.00-20.00  sec  14.1 GBytes  6.06 Gbits/sec    0             sender
[  6]   0.00-20.04  sec  14.1 GBytes  6.04 Gbits/sec                  receiver

iperf Done.
