Connecting to host h3, port 5000
[  6] local 192.168.0.2 port 58320 connected to 192.168.6.1 port 5000
[ ID] Interval           Transfer     Bitrate         Retr  Cwnd
[  6]   0.00-1.00   sec   299 MBytes  2.51 Gbits/sec    0   17.5 MBytes       
[  6]   1.00-2.00   sec   358 MBytes  3.00 Gbits/sec    0   17.5 MBytes       
[  6]   2.00-3.00   sec   365 MBytes  3.06 Gbits/sec    0   17.5 MBytes       
[  6]   3.00-4.00   sec   364 MBytes  3.05 Gbits/sec    0   17.5 MBytes       
[  6]   4.00-5.00   sec   368 MBytes  3.08 Gbits/sec    0   17.5 MBytes       
[  6]   5.00-6.00   sec   375 MBytes  3.15 Gbits/sec    0   17.5 MBytes       
[  6]   6.00-7.00   sec   351 MBytes  2.95 Gbits/sec    0   17.5 MBytes       
[  6]   7.00-8.00   sec   372 MBytes  3.13 Gbits/sec    0   17.5 MBytes       
[  6]   8.00-9.00   sec   376 MBytes  3.16 Gbits/sec    0   17.5 MBytes       
[  6]   9.00-10.00  sec   366 MBytes  3.07 Gbits/sec    0   17.5 MBytes       
[  6]  10.00-11.00  sec   381 MBytes  3.20 Gbits/sec   45   17.5 MBytes       
[  6]  11.00-12.00  sec   379 MBytes  3.18 Gbits/sec    0   17.5 MBytes       
[  6]  12.00-13.00  sec   380 MBytes  3.19 Gbits/sec    0   17.5 MBytes       
[  6]  13.00-14.00  sec   380 MBytes  3.19 Gbits/sec    0   17.5 MBytes       
[  6]  14.00-15.00  sec   384 MBytes  3.22 Gbits/sec    0   17.5 MBytes       
[  6]  15.00-16.00  sec   372 MBytes  3.12 Gbits/sec    0   17.5 MBytes       
[  6]  16.00-17.00  sec   381 MBytes  3.20 Gbits/sec    0   17.5 MBytes       
[  6]  17.00-18.00  sec   371 MBytes  3.11 Gbits/sec    0   17.5 MBytes       
[  6]  18.00-19.00  sec   374 MBytes  3.14 Gbits/sec    0   17.5 MBytes       
[  6]  19.00-20.00  sec   376 MBytes  3.16 Gbits/sec    0   17.5 MBytes       
[  6]  20.00-21.00  sec   374 MBytes  3.14 Gbits/sec    0   17.5 MBytes       
[  6]  21.00-22.00  sec   386 MBytes  3.23 Gbits/sec    0   17.5 MBytes       
[  6]  22.00-23.00  sec   335 MBytes  2.82 Gbits/sec    1   17.5 MBytes       
[  6]  23.00-24.00  sec   379 MBytes  3.18 Gbits/sec    0   17.5 MBytes       
[  6]  24.00-25.00  sec   388 MBytes  3.25 Gbits/sec    0   17.5 MBytes       
[  6]  25.00-26.00  sec   390 MBytes  3.27 Gbits/sec    0   17.5 MBytes       
[  6]  26.00-27.00  sec   386 MBytes  3.24 Gbits/sec    0   17.5 MBytes       
[  6]  27.00-28.00  sec   386 MBytes  3.23 Gbits/sec    0   17.5 MBytes       
[  6]  28.00-29.00  sec   390 MBytes  3.28 Gbits/sec    0   17.5 MBytes       
[  6]  29.00-30.00  sec   389 MBytes  3.26 Gbits/sec    0   17.5 MBytes       
- - - - - - - - - - - - - - - - - - - - - - - - -
[ ID] Interval           Transfer     Bitrate         Retr
[  6]   0.00-30.00  sec  10.9 GBytes  3.12 Gbits/sec   46             sender
[  6]   0.00-30.03  sec  10.9 GBytes  3.12 Gbits/sec                  receiver

iperf Done.
