Connecting to host h3, port 5001
[  6] local 192.168.1.1 port 40134 connected to 192.168.6.1 port 5001
[ ID] Interval           Transfer     Bitrate         Retr  Cwnd
[  6]   0.00-1.00   sec   290 MBytes  2.43 Gbits/sec    0   16.4 MBytes       
[  6]   1.00-2.00   sec   350 MBytes  2.94 Gbits/sec    0   16.4 MBytes       
[  6]   2.00-3.00   sec   366 MBytes  3.07 Gbits/sec    0   16.4 MBytes       
[  6]   3.00-4.00   sec   361 MBytes  3.03 Gbits/sec    0   16.4 MBytes       
[  6]   4.00-5.00   sec   368 MBytes  3.08 Gbits/sec    0   16.4 MBytes       
[  6]   5.00-6.00   sec   369 MBytes  3.09 Gbits/sec    0   16.4 MBytes       
[  6]   6.00-7.00   sec   352 MBytes  2.96 Gbits/sec    0   16.4 MBytes       
[  6]   7.00-8.00   sec   359 MBytes  3.01 Gbits/sec    0   16.4 MBytes       
[  6]   8.00-9.00   sec   370 MBytes  3.10 Gbits/sec    0   16.4 MBytes       
[  6]   9.00-10.00  sec   365 MBytes  3.06 Gbits/sec    0   16.4 MBytes       
[  6]  10.00-11.00  sec   381 MBytes  3.20 Gbits/sec    0   16.4 MBytes       
[  6]  11.00-12.00  sec   375 MBytes  3.15 Gbits/sec    0   16.4 MBytes       
[  6]  12.00-13.00  sec   378 MBytes  3.17 Gbits/sec    0   16.4 MBytes       
[  6]  13.00-14.00  sec   378 MBytes  3.17 Gbits/sec    0   16.4 MBytes       
[  6]  14.00-15.00  sec   380 MBytes  3.19 Gbits/sec    0   16.4 MBytes       
[  6]  15.00-16.00  sec   375 MBytes  3.14 Gbits/sec    0   16.4 MBytes       
[  6]  16.00-17.00  sec   386 MBytes  3.24 Gbits/sec   45   23.9 MBytes       
[  6]  17.00-18.00  sec   376 MBytes  3.16 Gbits/sec    0   23.9 MBytes       
[  6]  18.00-19.00  sec   380 MBytes  3.19 Gbits/sec    0   23.9 MBytes       
[  6]  19.00-20.00  sec   376 MBytes  3.16 Gbits/sec    0   23.9 MBytes       
[  6]  20.00-21.00  sec   384 MBytes  3.22 Gbits/sec    0   23.9 MBytes       
[  6]  21.00-22.00  sec   382 MBytes  3.21 Gbits/sec    0   23.9 MBytes       
[  6]  22.00-23.00  sec   335 MBytes  2.81 Gbits/sec    0   23.9 MBytes       
[  6]  23.00-24.00  sec   380 MBytes  3.19 Gbits/sec    0   23.9 MBytes       
[  6]  24.00-25.00  sec   388 MBytes  3.25 Gbits/sec    0   23.9 MBytes       
[  6]  25.00-26.00  sec   389 MBytes  3.26 Gbits/sec    0   23.9 MBytes       
[  6]  26.00-27.00  sec   386 MBytes  3.24 Gbits/sec    0   23.9 MBytes       
[  6]  27.00-28.00  sec   386 MBytes  3.24 Gbits/sec    0   23.9 MBytes       
[  6]  28.00-29.00  sec   390 MBytes  3.27 Gbits/sec    0   23.9 MBytes       
[  6]  29.00-30.00  sec   389 MBytes  3.26 Gbits/sec    0   23.9 MBytes       
- - - - - - - - - - - - - - - - - - - - - - - - -
[ ID] Interval           Transfer     Bitrate         Retr
[  6]   0.00-30.00  sec  10.9 GBytes  3.12 Gbits/sec   45             sender
[  6]   0.00-30.03  sec  10.9 GBytes  3.11 Gbits/sec                  receiver

iperf Done.
