Connecting to host h1, port 5000
[  6] local 192.168.0.2 port 45544 connected to 192.168.0.1 port 5000
[ ID] Interval           Transfer     Bitrate         Retr  Cwnd
[  6]   0.00-1.00   sec  14.6 MBytes   122 Mbits/sec    0    779 KBytes       
[  6]   1.00-2.00   sec  13.8 MBytes   115 Mbits/sec    0   1.33 MBytes       
[  6]   2.00-3.00   sec  13.8 MBytes   115 Mbits/sec    0   1.90 MBytes       
[  6]   3.00-4.00   sec  13.8 MBytes   115 Mbits/sec    0   2.47 MBytes       
[  6]   4.00-5.00   sec  11.2 MBytes  94.4 Mbits/sec    0   3.04 MBytes       
[  6]   5.00-6.00   sec  11.2 MBytes  94.4 Mbits/sec    0   3.61 MBytes       
[  6]   6.00-7.00   sec  11.2 MBytes  94.4 Mbits/sec    0   4.18 MBytes       
[  6]   7.00-8.00   sec  12.5 MBytes   105 Mbits/sec    0   4.75 MBytes       
[  6]   8.00-9.00   sec  11.2 MBytes  94.4 Mbits/sec    0   5.32 MBytes       
[  6]   9.00-10.00  sec  11.2 MBytes  94.4 Mbits/sec    0   5.89 MBytes       
[  6]  10.00-11.00  sec  11.2 MBytes  94.4 Mbits/sec    0   6.46 MBytes       
[  6]  11.00-12.00  sec  11.2 MBytes  94.4 Mbits/sec    0   7.03 MBytes       
[  6]  12.00-13.00  sec  11.2 MBytes  94.4 Mbits/sec    0   7.60 MBytes       
[  6]  13.00-14.00  sec  11.2 MBytes  94.4 Mbits/sec    0   8.17 MBytes       
[  6]  14.00-15.00  sec  11.2 MBytes  94.4 Mbits/sec    0   8.40 MBytes       
[  6]  15.00-16.00  sec  11.2 MBytes  94.4 Mbits/sec    0   8.40 MBytes       
[  6]  16.00-17.00  sec  11.2 MBytes  94.4 Mbits/sec    0   8.40 MBytes       
[  6]  17.00-18.00  sec  12.5 MBytes   105 Mbits/sec    0   8.40 MBytes       
[  6]  18.00-19.00  sec  11.2 MBytes  94.4 Mbits/sec    0   8.40 MBytes       
[  6]  19.00-20.00  sec  11.2 MBytes  94.4 Mbits/sec    0   8.40 MBytes       
- - - - - - - - - - - - - - - - - - - - - - - - -
[ ID] Interval           Transfer     Bitrate         Retr
[  6]   0.00-20.00  sec   238 MBytes   100 Mbits/sec    0             sender
[  6]   0.00-20.73  sec   236 MBytes  95.3 Mbits/sec                  receiver

iperf Done.
